0 info it worked if it ends with ok
1 verbose cli [ '/usr/bin/node', '/bin/npm', 'install', 'node' ]
2 info using npm@3.10.10
3 info using node@v6.10.2
4 silly loadCurrentTree Starting
5 silly install loadCurrentTree
6 silly install readLocalPackageData
7 silly fetchPackageMetaData node
8 silly fetchNamedPackageData node
9 silly mapToRegistry name node
10 silly mapToRegistry using default registry
11 silly mapToRegistry registry https://registry.npmjs.org/
12 silly mapToRegistry data Result {
12 silly mapToRegistry   raw: 'node',
12 silly mapToRegistry   scope: null,
12 silly mapToRegistry   escapedName: 'node',
12 silly mapToRegistry   name: 'node',
12 silly mapToRegistry   rawSpec: '',
12 silly mapToRegistry   spec: 'latest',
12 silly mapToRegistry   type: 'tag' }
13 silly mapToRegistry uri https://registry.npmjs.org/node
14 verbose request uri https://registry.npmjs.org/node
15 verbose request no auth needed
16 info attempt registry request try #1 at 7:53:50 AM
17 verbose request id 79d20361920509c2
18 verbose etag W/"f8afa944d85acc2c64402cbce85b63c0"
19 verbose lastModified Sun, 27 Oct 2019 16:42:10 GMT
20 http request GET https://registry.npmjs.org/node
21 http 304 https://registry.npmjs.org/node
22 verbose headers { date: 'Mon, 28 Oct 2019 14:53:50 GMT',
22 verbose headers   connection: 'keep-alive',
22 verbose headers   'set-cookie': [ '__cfduid=d2dec1e6f503a113d35c503230b169c571572274430; expires=Tue, 27-Oct-20 14:53:50 GMT; path=/; domain=.npmjs.org; HttpOnly' ],
22 verbose headers   'cf-cache-status': 'HIT',
22 verbose headers   'cache-control': 'max-age=300',
22 verbose headers   'cf-ray': '52cdbdd528978cf1-PDX',
22 verbose headers   age: '2228',
22 verbose headers   etag: '"f8afa944d85acc2c64402cbce85b63c0"',
22 verbose headers   'expect-ct': 'max-age=604800, report-uri="https://report-uri.cloudflare.com/cdn-cgi/beacon/expect-ct"',
22 verbose headers   'last-modified': 'Sun, 27 Oct 2019 16:42:10 GMT',
22 verbose headers   vary: 'accept-encoding, accept',
22 verbose headers   'x-amz-meta-rev': '504-6bdc4455ef5535a5d844ace46d4c2828',
22 verbose headers   server: 'cloudflare' }
23 silly get cb [ 304,
23 silly get   { date: 'Mon, 28 Oct 2019 14:53:50 GMT',
23 silly get     connection: 'keep-alive',
23 silly get     'set-cookie': [ '__cfduid=d2dec1e6f503a113d35c503230b169c571572274430; expires=Tue, 27-Oct-20 14:53:50 GMT; path=/; domain=.npmjs.org; HttpOnly' ],
23 silly get     'cf-cache-status': 'HIT',
23 silly get     'cache-control': 'max-age=300',
23 silly get     'cf-ray': '52cdbdd528978cf1-PDX',
23 silly get     age: '2228',
23 silly get     etag: '"f8afa944d85acc2c64402cbce85b63c0"',
23 silly get     'expect-ct': 'max-age=604800, report-uri="https://report-uri.cloudflare.com/cdn-cgi/beacon/expect-ct"',
23 silly get     'last-modified': 'Sun, 27 Oct 2019 16:42:10 GMT',
23 silly get     vary: 'accept-encoding, accept',
23 silly get     'x-amz-meta-rev': '504-6bdc4455ef5535a5d844ace46d4c2828',
23 silly get     server: 'cloudflare' } ]
24 verbose etag https://registry.npmjs.org/node from cache
25 verbose get saving node to /nfs/stak/users/forests/.npm/registry.npmjs.org/node/.cache.json
26 verbose correctMkdir /nfs/stak/users/forests/.npm correctMkdir not in flight; initializing
27 silly install normalizeTree
28 silly loadCurrentTree Finishing
29 silly loadIdealTree Starting
30 silly install loadIdealTree
31 silly cloneCurrentTree Starting
32 silly install cloneCurrentTreeToIdealTree
33 silly cloneCurrentTree Finishing
34 silly loadShrinkwrap Starting
35 silly install loadShrinkwrap
36 silly loadShrinkwrap Finishing
37 silly loadAllDepsIntoIdealTree Starting
38 silly install loadAllDepsIntoIdealTree
39 silly resolveWithNewModule node@12.13.0 checking installable status
40 silly cache add args [ 'node', null ]
41 verbose cache add spec node
42 silly cache add parsed spec Result {
42 silly cache add   raw: 'node',
42 silly cache add   scope: null,
42 silly cache add   escapedName: 'node',
42 silly cache add   name: 'node',
42 silly cache add   rawSpec: '',
42 silly cache add   spec: 'latest',
42 silly cache add   type: 'tag' }
43 silly addNamed node@latest
44 verbose addNamed "latest" is being treated as a dist-tag for node
45 info addNameTag [ 'node', 'latest' ]
46 silly mapToRegistry name node
47 silly mapToRegistry using default registry
48 silly mapToRegistry registry https://registry.npmjs.org/
49 silly mapToRegistry data Result {
49 silly mapToRegistry   raw: 'node',
49 silly mapToRegistry   scope: null,
49 silly mapToRegistry   escapedName: 'node',
49 silly mapToRegistry   name: 'node',
49 silly mapToRegistry   rawSpec: '',
49 silly mapToRegistry   spec: 'latest',
49 silly mapToRegistry   type: 'tag' }
50 silly mapToRegistry uri https://registry.npmjs.org/node
51 verbose addNameTag registry:https://registry.npmjs.org/node not in flight; fetching
52 verbose get https://registry.npmjs.org/node not expired, no request
53 silly addNameTag next cb for node with tag latest
54 silly addNamed node@12.13.0
55 verbose addNamed "12.13.0" is a plain semver version for node
56 silly cache afterAdd node@12.13.0
57 verbose afterAdd /nfs/stak/users/forests/.npm/node/12.13.0/package/package.json not in flight; writing
58 verbose correctMkdir /nfs/stak/users/forests/.npm correctMkdir not in flight; initializing
59 verbose afterAdd /nfs/stak/users/forests/.npm/node/12.13.0/package/package.json written
60 silly fetchNamedPackageData node-bin-setup
61 silly mapToRegistry name node-bin-setup
62 silly mapToRegistry using default registry
63 silly mapToRegistry registry https://registry.npmjs.org/
64 silly mapToRegistry data Result {
64 silly mapToRegistry   raw: 'node-bin-setup',
64 silly mapToRegistry   scope: null,
64 silly mapToRegistry   escapedName: 'node-bin-setup',
64 silly mapToRegistry   name: 'node-bin-setup',
64 silly mapToRegistry   rawSpec: '',
64 silly mapToRegistry   spec: 'latest',
64 silly mapToRegistry   type: 'tag' }
65 silly mapToRegistry uri https://registry.npmjs.org/node-bin-setup
66 verbose request uri https://registry.npmjs.org/node-bin-setup
67 verbose request no auth needed
68 info attempt registry request try #1 at 7:53:51 AM
69 verbose etag W/"696d6ec470fda56a33885508a280edab"
70 verbose lastModified Sun, 27 May 2018 09:55:03 GMT
71 http request GET https://registry.npmjs.org/node-bin-setup
72 http 304 https://registry.npmjs.org/node-bin-setup
73 verbose headers { date: 'Mon, 28 Oct 2019 14:53:50 GMT',
73 verbose headers   connection: 'keep-alive',
73 verbose headers   'set-cookie': [ '__cfduid=d2dec1e6f503a113d35c503230b169c571572274430; expires=Tue, 27-Oct-20 14:53:50 GMT; path=/; domain=.npmjs.org; HttpOnly' ],
73 verbose headers   'cf-cache-status': 'HIT',
73 verbose headers   'cache-control': 'max-age=300',
73 verbose headers   'cf-ray': '52cdbdd7eb4a8cf1-PDX',
73 verbose headers   age: '2227',
73 verbose headers   etag: '"696d6ec470fda56a33885508a280edab"',
73 verbose headers   'expect-ct': 'max-age=604800, report-uri="https://report-uri.cloudflare.com/cdn-cgi/beacon/expect-ct"',
73 verbose headers   'last-modified': 'Sun, 27 May 2018 09:55:03 GMT',
73 verbose headers   vary: 'accept-encoding, accept',
73 verbose headers   server: 'cloudflare' }
74 silly get cb [ 304,
74 silly get   { date: 'Mon, 28 Oct 2019 14:53:50 GMT',
74 silly get     connection: 'keep-alive',
74 silly get     'set-cookie': [ '__cfduid=d2dec1e6f503a113d35c503230b169c571572274430; expires=Tue, 27-Oct-20 14:53:50 GMT; path=/; domain=.npmjs.org; HttpOnly' ],
74 silly get     'cf-cache-status': 'HIT',
74 silly get     'cache-control': 'max-age=300',
74 silly get     'cf-ray': '52cdbdd7eb4a8cf1-PDX',
74 silly get     age: '2227',
74 silly get     etag: '"696d6ec470fda56a33885508a280edab"',
74 silly get     'expect-ct': 'max-age=604800, report-uri="https://report-uri.cloudflare.com/cdn-cgi/beacon/expect-ct"',
74 silly get     'last-modified': 'Sun, 27 May 2018 09:55:03 GMT',
74 silly get     vary: 'accept-encoding, accept',
74 silly get     server: 'cloudflare' } ]
75 verbose etag https://registry.npmjs.org/node-bin-setup from cache
76 verbose get saving node-bin-setup to /nfs/stak/users/forests/.npm/registry.npmjs.org/node-bin-setup/.cache.json
77 verbose correctMkdir /nfs/stak/users/forests/.npm correctMkdir not in flight; initializing
78 silly resolveWithNewModule node-bin-setup@1.0.6 checking installable status
79 silly cache add args [ 'node-bin-setup@^1.0.0', null ]
80 verbose cache add spec node-bin-setup@^1.0.0
81 silly cache add parsed spec Result {
81 silly cache add   raw: 'node-bin-setup@^1.0.0',
81 silly cache add   scope: null,
81 silly cache add   escapedName: 'node-bin-setup',
81 silly cache add   name: 'node-bin-setup',
81 silly cache add   rawSpec: '^1.0.0',
81 silly cache add   spec: '>=1.0.0 <2.0.0',
81 silly cache add   type: 'range' }
82 silly addNamed node-bin-setup@>=1.0.0 <2.0.0
83 verbose addNamed ">=1.0.0 <2.0.0" is a valid semver range for node-bin-setup
84 silly addNameRange { name: 'node-bin-setup',
84 silly addNameRange   range: '>=1.0.0 <2.0.0',
84 silly addNameRange   hasData: false }
85 silly mapToRegistry name node-bin-setup
86 silly mapToRegistry using default registry
87 silly mapToRegistry registry https://registry.npmjs.org/
88 silly mapToRegistry data Result {
88 silly mapToRegistry   raw: 'node-bin-setup',
88 silly mapToRegistry   scope: null,
88 silly mapToRegistry   escapedName: 'node-bin-setup',
88 silly mapToRegistry   name: 'node-bin-setup',
88 silly mapToRegistry   rawSpec: '',
88 silly mapToRegistry   spec: 'latest',
88 silly mapToRegistry   type: 'tag' }
89 silly mapToRegistry uri https://registry.npmjs.org/node-bin-setup
90 verbose addNameRange registry:https://registry.npmjs.org/node-bin-setup not in flight; fetching
91 verbose get https://registry.npmjs.org/node-bin-setup not expired, no request
92 silly addNameRange number 2 { name: 'node-bin-setup',
92 silly addNameRange   range: '>=1.0.0 <2.0.0',
92 silly addNameRange   hasData: true }
93 silly addNameRange versions [ 'node-bin-setup',
93 silly addNameRange   [ '1.0.0', '1.0.1', '1.0.2', '1.0.3', '1.0.4', '1.0.6' ] ]
94 silly addNamed node-bin-setup@1.0.6
95 verbose addNamed "1.0.6" is a plain semver version for node-bin-setup
96 silly cache afterAdd node-bin-setup@1.0.6
97 verbose afterAdd /nfs/stak/users/forests/.npm/node-bin-setup/1.0.6/package/package.json not in flight; writing
98 verbose correctMkdir /nfs/stak/users/forests/.npm correctMkdir not in flight; initializing
99 verbose afterAdd /nfs/stak/users/forests/.npm/node-bin-setup/1.0.6/package/package.json written
100 silly fetchNamedPackageData fsevents
101 silly mapToRegistry name fsevents
102 silly mapToRegistry using default registry
103 silly mapToRegistry registry https://registry.npmjs.org/
104 silly mapToRegistry data Result {
104 silly mapToRegistry   raw: 'fsevents',
104 silly mapToRegistry   scope: null,
104 silly mapToRegistry   escapedName: 'fsevents',
104 silly mapToRegistry   name: 'fsevents',
104 silly mapToRegistry   rawSpec: '',
104 silly mapToRegistry   spec: 'latest',
104 silly mapToRegistry   type: 'tag' }
105 silly mapToRegistry uri https://registry.npmjs.org/fsevents
106 verbose request uri https://registry.npmjs.org/fsevents
107 verbose request no auth needed
108 info attempt registry request try #1 at 7:53:51 AM
109 verbose etag W/"94b8ac82aeeda1585858ad06e751ee11"
110 verbose lastModified Mon, 14 Oct 2019 00:14:45 GMT
111 http request GET https://registry.npmjs.org/fsevents
112 http 304 https://registry.npmjs.org/fsevents
113 verbose headers { date: 'Mon, 28 Oct 2019 14:53:50 GMT',
113 verbose headers   connection: 'keep-alive',
113 verbose headers   'set-cookie': [ '__cfduid=d2dec1e6f503a113d35c503230b169c571572274430; expires=Tue, 27-Oct-20 14:53:50 GMT; path=/; domain=.npmjs.org; HttpOnly' ],
113 verbose headers   'cf-cache-status': 'HIT',
113 verbose headers   'cache-control': 'max-age=300',
113 verbose headers   'cf-ray': '52cdbdd97d0c8cf1-PDX',
113 verbose headers   age: '392',
113 verbose headers   etag: '"94b8ac82aeeda1585858ad06e751ee11"',
113 verbose headers   'expect-ct': 'max-age=604800, report-uri="https://report-uri.cloudflare.com/cdn-cgi/beacon/expect-ct"',
113 verbose headers   'last-modified': 'Mon, 14 Oct 2019 00:14:45 GMT',
113 verbose headers   vary: 'accept-encoding, accept',
113 verbose headers   'x-amz-meta-rev': '165-a2b297b1ae8109719aac351bbb43a9dc',
113 verbose headers   server: 'cloudflare' }
114 silly get cb [ 304,
114 silly get   { date: 'Mon, 28 Oct 2019 14:53:50 GMT',
114 silly get     connection: 'keep-alive',
114 silly get     'set-cookie': [ '__cfduid=d2dec1e6f503a113d35c503230b169c571572274430; expires=Tue, 27-Oct-20 14:53:50 GMT; path=/; domain=.npmjs.org; HttpOnly' ],
114 silly get     'cf-cache-status': 'HIT',
114 silly get     'cache-control': 'max-age=300',
114 silly get     'cf-ray': '52cdbdd97d0c8cf1-PDX',
114 silly get     age: '392',
114 silly get     etag: '"94b8ac82aeeda1585858ad06e751ee11"',
114 silly get     'expect-ct': 'max-age=604800, report-uri="https://report-uri.cloudflare.com/cdn-cgi/beacon/expect-ct"',
114 silly get     'last-modified': 'Mon, 14 Oct 2019 00:14:45 GMT',
114 silly get     vary: 'accept-encoding, accept',
114 silly get     'x-amz-meta-rev': '165-a2b297b1ae8109719aac351bbb43a9dc',
114 silly get     server: 'cloudflare' } ]
115 verbose etag https://registry.npmjs.org/fsevents from cache
116 verbose get saving fsevents to /nfs/stak/users/forests/.npm/registry.npmjs.org/fsevents/.cache.json
117 verbose correctMkdir /nfs/stak/users/forests/.npm correctMkdir not in flight; initializing
118 silly resolveWithNewModule fsevents@1.2.9 checking installable status
119 silly loadAllDepsIntoIdealTree Finishing
120 silly loadIdealTree Finishing
121 silly currentTree hello-world@1.0.0
121 silly currentTree ├── accepts@1.3.7
121 silly currentTree ├── align-text@0.1.4
121 silly currentTree ├── amdefine@1.0.1
121 silly currentTree ├── anymatch@1.3.2
121 silly currentTree ├── arr-diff@2.0.0
121 silly currentTree ├── arr-flatten@1.1.0
121 silly currentTree ├── arr-union@3.1.0
121 silly currentTree ├── array-flatten@1.1.1
121 silly currentTree ├── array-unique@0.2.1
121 silly currentTree ├── asap@1.0.0
121 silly currentTree ├── assign-symbols@1.0.0
121 silly currentTree ├── async-each@1.0.3
121 silly currentTree ├── async@0.2.10
121 silly currentTree ├── atob@2.1.2
121 silly currentTree ├── balanced-match@1.0.0
121 silly currentTree ├─┬ base@0.11.2
121 silly currentTree │ ├── define-property@1.0.0
121 silly currentTree │ ├── is-accessor-descriptor@1.0.0
121 silly currentTree │ ├── is-data-descriptor@1.0.0
121 silly currentTree │ ├── is-descriptor@1.0.2
121 silly currentTree │ ├── isobject@3.0.1
121 silly currentTree │ └── kind-of@6.0.2
121 silly currentTree ├── bignumber.js@7.2.1
121 silly currentTree ├── binary-extensions@1.13.1
121 silly currentTree ├── body-parser@1.19.0
121 silly currentTree ├── brace-expansion@1.1.11
121 silly currentTree ├── braces@1.8.5
121 silly currentTree ├─┬ broadway@0.3.6
121 silly currentTree │ ├── cliff@0.1.9
121 silly currentTree │ ├── utile@0.2.1
121 silly currentTree │ └── winston@0.8.0
121 silly currentTree ├── bytes@3.1.0
121 silly currentTree ├─┬ cache-base@1.0.1
121 silly currentTree │ └── isobject@3.0.1
121 silly currentTree ├── caller@0.0.1
121 silly currentTree ├── camelcase@1.2.1
121 silly currentTree ├── center-align@0.1.3
121 silly currentTree ├── chokidar@1.7.0
121 silly currentTree ├─┬ class-utils@0.3.6
121 silly currentTree │ ├── define-property@0.2.5
121 silly currentTree │ └── isobject@3.0.1
121 silly currentTree ├─┬ cliff@0.1.10
121 silly currentTree │ └── colors@1.0.3
121 silly currentTree ├─┬ cliui@2.1.0
121 silly currentTree │ └── wordwrap@0.0.2
121 silly currentTree ├── clone@1.0.4
121 silly currentTree ├── collection-visit@1.0.0
121 silly currentTree ├── colors@0.6.2
121 silly currentTree ├── component-emitter@1.3.0
121 silly currentTree ├── concat-map@0.0.1
121 silly currentTree ├── content-disposition@0.5.3
121 silly currentTree ├── content-type@1.0.4
121 silly currentTree ├── cookie-signature@1.0.6
121 silly currentTree ├── cookie@0.4.0
121 silly currentTree ├── copy-descriptor@0.1.1
121 silly currentTree ├── core-util-is@1.0.2
121 silly currentTree ├── cycle@1.0.3
121 silly currentTree ├── debug@2.6.9
121 silly currentTree ├── decamelize@1.2.0
121 silly currentTree ├── decode-uri-component@0.2.0
121 silly currentTree ├─┬ deep-equal@1.1.0
121 silly currentTree │ └── object-keys@1.1.1
121 silly currentTree ├── define-properties@1.1.3
121 silly currentTree ├─┬ define-property@2.0.2
121 silly currentTree │ ├── is-accessor-descriptor@1.0.0
121 silly currentTree │ ├── is-data-descriptor@1.0.0
121 silly currentTree │ ├── is-descriptor@1.0.2
121 silly currentTree │ ├── isobject@3.0.1
121 silly currentTree │ └── kind-of@6.0.2
121 silly currentTree ├── defined@0.0.0
121 silly currentTree ├── depd@1.1.2
121 silly currentTree ├── destroy@1.0.4
121 silly currentTree ├── director@1.2.7
121 silly currentTree ├── ee-first@1.1.1
121 silly currentTree ├── encodeurl@1.0.2
121 silly currentTree ├── escape-html@1.0.3
121 silly currentTree ├── etag@1.8.1
121 silly currentTree ├─┬ event-stream@0.5.3
121 silly currentTree │ └── optimist@0.2.8
121 silly currentTree ├── eventemitter2@0.4.14
121 silly currentTree ├── expand-brackets@0.1.5
121 silly currentTree ├── expand-range@1.8.2
121 silly currentTree ├── express-handlebars@2.0.1
121 silly currentTree ├─┬ express@4.17.1
121 silly currentTree │ └── body-parser@1.19.0
121 silly currentTree ├─┬ extend-shallow@3.0.2
121 silly currentTree │ └── is-extendable@1.0.1
121 silly currentTree ├── extglob@0.3.2
121 silly currentTree ├── eyes@0.1.8
121 silly currentTree ├── filename-regex@2.0.1
121 silly currentTree ├── fill-range@2.2.4
121 silly currentTree ├── finalhandler@1.1.2
121 silly currentTree ├─┬ flatiron@0.4.3
121 silly currentTree │ └── optimist@0.6.0
121 silly currentTree ├── for-in@1.0.2
121 silly currentTree ├── for-own@0.1.5
121 silly currentTree ├─┬ forever-monitor@1.7.1
121 silly currentTree │ └── utile@0.2.1
121 silly currentTree ├── forever@1.0.0
121 silly currentTree ├── forwarded@0.1.2
121 silly currentTree ├── fragment-cache@0.2.1
121 silly currentTree ├── fresh@0.5.2
121 silly currentTree ├── fs.realpath@1.0.0
121 silly currentTree ├── function-bind@1.1.1
121 silly currentTree ├── get-value@2.0.6
121 silly currentTree ├── glob-base@0.3.0
121 silly currentTree ├── glob-parent@2.0.0
121 silly currentTree ├── glob@5.0.15
121 silly currentTree ├── graceful-fs@3.0.12
121 silly currentTree ├── handlebars@3.0.7
121 silly currentTree ├─┬ has-value@1.0.0
121 silly currentTree │ └── isobject@3.0.1
121 silly currentTree ├─┬ has-values@1.0.0
121 silly currentTree │ ├─┬ is-number@3.0.0
121 silly currentTree │ │ └── kind-of@3.2.2
121 silly currentTree │ └── kind-of@4.0.0
121 silly currentTree ├── has@1.0.3
121 silly currentTree ├── http-errors@1.7.2
121 silly currentTree ├── i@0.3.6
121 silly currentTree ├── iconv-lite@0.4.24
121 silly currentTree ├── inflight@1.0.6
121 silly currentTree ├── inherits@2.0.3
121 silly currentTree ├── ini@1.3.5
121 silly currentTree ├── ipaddr.js@1.9.0
121 silly currentTree ├── is-accessor-descriptor@0.1.6
121 silly currentTree ├── is-arguments@1.0.4
121 silly currentTree ├── is-binary-path@1.0.1
121 silly currentTree ├── is-buffer@1.1.6
121 silly currentTree ├── is-data-descriptor@0.1.4
121 silly currentTree ├── is-date-object@1.0.1
121 silly currentTree ├─┬ is-descriptor@0.1.6
121 silly currentTree │ └── kind-of@5.1.0
121 silly currentTree ├── is-dotfile@1.0.3
121 silly currentTree ├── is-equal-shallow@0.1.3
121 silly currentTree ├── is-extendable@0.1.1
121 silly currentTree ├── is-extglob@1.0.0
121 silly currentTree ├── is-glob@2.0.1
121 silly currentTree ├── is-number@2.1.0
121 silly currentTree ├─┬ is-plain-object@2.0.4
121 silly currentTree │ └── isobject@3.0.1
121 silly currentTree ├── is-posix-bracket@0.1.1
121 silly currentTree ├── is-primitive@2.0.0
121 silly currentTree ├── is-regex@1.0.4
121 silly currentTree ├── is-windows@1.0.2
121 silly currentTree ├── isarray@1.0.0
121 silly currentTree ├── isobject@2.1.0
121 silly currentTree ├── isstream@0.1.2
121 silly currentTree ├── jsonify@0.0.0
121 silly currentTree ├── kind-of@3.2.2
121 silly currentTree ├── lazy-cache@1.0.4
121 silly currentTree ├── lazy@1.0.11
121 silly currentTree ├── longest@1.0.1
121 silly currentTree ├── map-cache@0.2.2
121 silly currentTree ├── map-visit@1.0.0
121 silly currentTree ├── math-random@1.0.4
121 silly currentTree ├── media-typer@0.3.0
121 silly currentTree ├── merge-descriptors@1.0.1
121 silly currentTree ├── methods@1.1.2
121 silly currentTree ├── micromatch@2.3.11
121 silly currentTree ├── mime-db@1.40.0
121 silly currentTree ├── mime-types@2.1.24
121 silly currentTree ├── mime@1.6.0
121 silly currentTree ├── minimatch@3.0.4
121 silly currentTree ├── minimist@0.0.10
121 silly currentTree ├─┬ mixin-deep@1.3.2
121 silly currentTree │ └── is-extendable@1.0.1
121 silly currentTree ├─┬ mkdirp@0.5.1
121 silly currentTree │ └── minimist@0.0.8
121 silly currentTree ├── ms@2.0.0
121 silly currentTree ├── mute-stream@0.0.8
121 silly currentTree ├── mysql@2.17.1
121 silly currentTree ├─┬ nanomatch@1.2.13
121 silly currentTree │ ├── arr-diff@4.0.0
121 silly currentTree │ ├── array-unique@0.3.2
121 silly currentTree │ └── kind-of@6.0.2
121 silly currentTree ├── natives@1.1.6
121 silly currentTree ├─┬ nconf@0.6.9
121 silly currentTree │ ├── async@0.2.9
121 silly currentTree │ └── optimist@0.6.0
121 silly currentTree ├── ncp@0.4.2
121 silly currentTree ├── negotiator@0.6.2
121 silly currentTree ├── normalize-path@2.1.1
121 silly currentTree ├── nssocket@0.5.3
121 silly currentTree ├── object-assign@3.0.0
121 silly currentTree ├─┬ object-copy@0.1.0
121 silly currentTree │ └── define-property@0.2.5
121 silly currentTree ├── object-is@1.0.1
121 silly currentTree ├── object-keys@1.0.12
121 silly currentTree ├─┬ object-visit@1.0.1
121 silly currentTree │ └── isobject@3.0.1
121 silly currentTree ├── object.assign@1.1.1
121 silly currentTree ├── object.omit@2.0.1
121 silly currentTree ├─┬ object.pick@1.3.0
121 silly currentTree │ └── isobject@3.0.1
121 silly currentTree ├── on-finished@2.3.0
121 silly currentTree ├── once@1.4.0
121 silly currentTree ├── optimist@0.6.1
121 silly currentTree ├── parse-glob@3.0.4
121 silly currentTree ├── parseurl@1.3.3
121 silly currentTree ├── pascalcase@0.1.1
121 silly currentTree ├── path-is-absolute@1.0.1
121 silly currentTree ├── path-to-regexp@0.1.7
121 silly currentTree ├── pkginfo@0.3.1
121 silly currentTree ├── posix-character-classes@0.1.1
121 silly currentTree ├── preserve@0.2.0
121 silly currentTree ├─┬ prettyjson@1.2.1
121 silly currentTree │ ├── colors@1.4.0
121 silly currentTree │ └── minimist@1.2.0
121 silly currentTree ├── process-nextick-args@2.0.1
121 silly currentTree ├── promise@6.1.0
121 silly currentTree ├─┬ prompt@0.2.14
121 silly currentTree │ └── utile@0.2.1
121 silly currentTree ├── proxy-addr@2.0.5
121 silly currentTree ├── ps-tree@0.0.3
121 silly currentTree ├── qs@6.7.0
121 silly currentTree ├─┬ randomatic@3.1.1
121 silly currentTree │ ├── is-number@4.0.0
121 silly currentTree │ └── kind-of@6.0.2
121 silly currentTree ├── range-parser@1.2.1
121 silly currentTree ├── raw-body@2.4.0
121 silly currentTree ├── read@1.0.7
121 silly currentTree ├── readable-stream@2.3.6
121 silly currentTree ├─┬ readdirp@2.2.1
121 silly currentTree │ ├── arr-diff@4.0.0
121 silly currentTree │ ├── array-unique@0.3.2
121 silly currentTree │ ├─┬ braces@2.3.2
121 silly currentTree │ │ └── extend-shallow@2.0.1
121 silly currentTree │ ├─┬ expand-brackets@2.1.4
121 silly currentTree │ │ ├── define-property@0.2.5
121 silly currentTree │ │ ├── extend-shallow@2.0.1
121 silly currentTree │ │ ├─┬ is-accessor-descriptor@0.1.6
121 silly currentTree │ │ │ └── kind-of@3.2.2
121 silly currentTree │ │ ├─┬ is-data-descriptor@0.1.4
121 silly currentTree │ │ │ └── kind-of@3.2.2
121 silly currentTree │ │ ├── is-descriptor@0.1.6
121 silly currentTree │ │ └── kind-of@5.1.0
121 silly currentTree │ ├─┬ extglob@2.0.4
121 silly currentTree │ │ ├── define-property@1.0.0
121 silly currentTree │ │ └── extend-shallow@2.0.1
121 silly currentTree │ ├─┬ fill-range@4.0.0
121 silly currentTree │ │ └── extend-shallow@2.0.1
121 silly currentTree │ ├── graceful-fs@4.2.3
121 silly currentTree │ ├── is-accessor-descriptor@1.0.0
121 silly currentTree │ ├── is-data-descriptor@1.0.0
121 silly currentTree │ ├── is-descriptor@1.0.2
121 silly currentTree │ ├─┬ is-number@3.0.0
121 silly currentTree │ │ └── kind-of@3.2.2
121 silly currentTree │ ├── isobject@3.0.1
121 silly currentTree │ ├── kind-of@6.0.2
121 silly currentTree │ └── micromatch@3.1.10
121 silly currentTree ├── regex-cache@0.4.4
121 silly currentTree ├── regex-not@1.0.2
121 silly currentTree ├── regexp.prototype.flags@1.2.0
121 silly currentTree ├── remove-trailing-separator@1.1.0
121 silly currentTree ├── repeat-element@1.1.3
121 silly currentTree ├── repeat-string@1.6.1
121 silly currentTree ├── resolve-url@0.2.1
121 silly currentTree ├── resumer@0.0.0
121 silly currentTree ├── ret@0.1.15
121 silly currentTree ├── revalidator@0.1.8
121 silly currentTree ├── right-align@0.1.3
121 silly currentTree ├─┬ rimraf@2.7.1
121 silly currentTree │ └── glob@7.1.5
121 silly currentTree ├── safe-buffer@5.1.2
121 silly currentTree ├── safe-regex@1.1.0
121 silly currentTree ├── safer-buffer@2.1.2
121 silly currentTree ├─┬ send@0.17.1
121 silly currentTree │ └── ms@2.1.1
121 silly currentTree ├── serve-static@1.14.1
121 silly currentTree ├─┬ set-value@2.0.1
121 silly currentTree │ └── extend-shallow@2.0.1
121 silly currentTree ├── setprototypeof@1.1.1
121 silly currentTree ├── shush@1.0.0
121 silly currentTree ├─┬ snapdragon-node@2.1.1
121 silly currentTree │ ├── define-property@1.0.0
121 silly currentTree │ ├── is-accessor-descriptor@1.0.0
121 silly currentTree │ ├── is-data-descriptor@1.0.0
121 silly currentTree │ ├── is-descriptor@1.0.2
121 silly currentTree │ ├── isobject@3.0.1
121 silly currentTree │ └── kind-of@6.0.2
121 silly currentTree ├── snapdragon-util@3.0.1
121 silly currentTree ├─┬ snapdragon@0.8.2
121 silly currentTree │ ├── define-property@0.2.5
121 silly currentTree │ ├── extend-shallow@2.0.1
121 silly currentTree │ └── source-map@0.5.7
121 silly currentTree ├── source-map-resolve@0.5.2
121 silly currentTree ├── source-map-url@0.4.0
121 silly currentTree ├── source-map@0.1.43
121 silly currentTree ├── split-string@3.1.0
121 silly currentTree ├── sqlstring@2.3.1
121 silly currentTree ├── stack-trace@0.0.10
121 silly currentTree ├─┬ static-extend@0.1.2
121 silly currentTree │ └── define-property@0.2.5
121 silly currentTree ├── statuses@1.5.0
121 silly currentTree ├── string_decoder@1.1.1
121 silly currentTree ├── strip-json-comments@0.1.3
121 silly currentTree ├─┬ tape@2.3.3
121 silly currentTree │ └── deep-equal@0.1.2
121 silly currentTree ├── through@2.3.8
121 silly currentTree ├── to-object-path@0.3.0
121 silly currentTree ├─┬ to-regex-range@2.1.1
121 silly currentTree │ └── is-number@3.0.0
121 silly currentTree ├── to-regex@3.0.2
121 silly currentTree ├── toidentifier@1.0.0
121 silly currentTree ├── type-is@1.6.18
121 silly currentTree ├─┬ uglify-js@2.8.29
121 silly currentTree │ └── source-map@0.5.7
121 silly currentTree ├── uglify-to-browserify@1.0.2
121 silly currentTree ├── union-value@1.0.1
121 silly currentTree ├── unpipe@1.0.0
121 silly currentTree ├─┬ unset-value@1.0.0
121 silly currentTree │ ├─┬ has-value@0.3.1
121 silly currentTree │ │ └── isobject@2.1.0
121 silly currentTree │ ├── has-values@0.1.4
121 silly currentTree │ └── isobject@3.0.1
121 silly currentTree ├── urix@0.1.0
121 silly currentTree ├── use@3.1.1
121 silly currentTree ├── util-deprecate@1.0.2
121 silly currentTree ├─┬ utile@0.3.0
121 silly currentTree │ ├── async@0.9.2
121 silly currentTree │ ├── deep-equal@0.2.2
121 silly currentTree │ └── ncp@1.0.1
121 silly currentTree ├── utils-merge@1.0.1
121 silly currentTree ├── vary@1.1.2
121 silly currentTree ├── window-size@0.1.0
121 silly currentTree ├── winston@0.8.3
121 silly currentTree ├── wordwrap@0.0.3
121 silly currentTree ├── wrappy@1.0.2
121 silly currentTree └── yargs@3.10.0
122 silly idealTree hello-world@1.0.0
122 silly idealTree ├── accepts@1.3.7
122 silly idealTree ├── align-text@0.1.4
122 silly idealTree ├── amdefine@1.0.1
122 silly idealTree ├── anymatch@1.3.2
122 silly idealTree ├── arr-diff@2.0.0
122 silly idealTree ├── arr-flatten@1.1.0
122 silly idealTree ├── arr-union@3.1.0
122 silly idealTree ├── array-flatten@1.1.1
122 silly idealTree ├── array-unique@0.2.1
122 silly idealTree ├── asap@1.0.0
122 silly idealTree ├── assign-symbols@1.0.0
122 silly idealTree ├── async-each@1.0.3
122 silly idealTree ├── async@0.2.10
122 silly idealTree ├── atob@2.1.2
122 silly idealTree ├── balanced-match@1.0.0
122 silly idealTree ├─┬ base@0.11.2
122 silly idealTree │ ├── define-property@1.0.0
122 silly idealTree │ ├── is-accessor-descriptor@1.0.0
122 silly idealTree │ ├── is-data-descriptor@1.0.0
122 silly idealTree │ ├── is-descriptor@1.0.2
122 silly idealTree │ ├── isobject@3.0.1
122 silly idealTree │ └── kind-of@6.0.2
122 silly idealTree ├── bignumber.js@7.2.1
122 silly idealTree ├── binary-extensions@1.13.1
122 silly idealTree ├── body-parser@1.19.0
122 silly idealTree ├── brace-expansion@1.1.11
122 silly idealTree ├── braces@1.8.5
122 silly idealTree ├─┬ broadway@0.3.6
122 silly idealTree │ ├── cliff@0.1.9
122 silly idealTree │ ├── utile@0.2.1
122 silly idealTree │ └── winston@0.8.0
122 silly idealTree ├── bytes@3.1.0
122 silly idealTree ├─┬ cache-base@1.0.1
122 silly idealTree │ └── isobject@3.0.1
122 silly idealTree ├── caller@0.0.1
122 silly idealTree ├── camelcase@1.2.1
122 silly idealTree ├── center-align@0.1.3
122 silly idealTree ├── chokidar@1.7.0
122 silly idealTree ├─┬ class-utils@0.3.6
122 silly idealTree │ ├── define-property@0.2.5
122 silly idealTree │ └── isobject@3.0.1
122 silly idealTree ├─┬ cliff@0.1.10
122 silly idealTree │ └── colors@1.0.3
122 silly idealTree ├─┬ cliui@2.1.0
122 silly idealTree │ └── wordwrap@0.0.2
122 silly idealTree ├── clone@1.0.4
122 silly idealTree ├── collection-visit@1.0.0
122 silly idealTree ├── colors@0.6.2
122 silly idealTree ├── component-emitter@1.3.0
122 silly idealTree ├── concat-map@0.0.1
122 silly idealTree ├── content-disposition@0.5.3
122 silly idealTree ├── content-type@1.0.4
122 silly idealTree ├── cookie-signature@1.0.6
122 silly idealTree ├── cookie@0.4.0
122 silly idealTree ├── copy-descriptor@0.1.1
122 silly idealTree ├── core-util-is@1.0.2
122 silly idealTree ├── cycle@1.0.3
122 silly idealTree ├── debug@2.6.9
122 silly idealTree ├── decamelize@1.2.0
122 silly idealTree ├── decode-uri-component@0.2.0
122 silly idealTree ├─┬ deep-equal@1.1.0
122 silly idealTree │ └── object-keys@1.1.1
122 silly idealTree ├── define-properties@1.1.3
122 silly idealTree ├─┬ define-property@2.0.2
122 silly idealTree │ ├── is-accessor-descriptor@1.0.0
122 silly idealTree │ ├── is-data-descriptor@1.0.0
122 silly idealTree │ ├── is-descriptor@1.0.2
122 silly idealTree │ ├── isobject@3.0.1
122 silly idealTree │ └── kind-of@6.0.2
122 silly idealTree ├── defined@0.0.0
122 silly idealTree ├── depd@1.1.2
122 silly idealTree ├── destroy@1.0.4
122 silly idealTree ├── director@1.2.7
122 silly idealTree ├── ee-first@1.1.1
122 silly idealTree ├── encodeurl@1.0.2
122 silly idealTree ├── escape-html@1.0.3
122 silly idealTree ├── etag@1.8.1
122 silly idealTree ├─┬ event-stream@0.5.3
122 silly idealTree │ └── optimist@0.2.8
122 silly idealTree ├── eventemitter2@0.4.14
122 silly idealTree ├── expand-brackets@0.1.5
122 silly idealTree ├── expand-range@1.8.2
122 silly idealTree ├── express-handlebars@2.0.1
122 silly idealTree ├─┬ express@4.17.1
122 silly idealTree │ └── body-parser@1.19.0
122 silly idealTree ├─┬ extend-shallow@3.0.2
122 silly idealTree │ └── is-extendable@1.0.1
122 silly idealTree ├── extglob@0.3.2
122 silly idealTree ├── eyes@0.1.8
122 silly idealTree ├── filename-regex@2.0.1
122 silly idealTree ├── fill-range@2.2.4
122 silly idealTree ├── finalhandler@1.1.2
122 silly idealTree ├─┬ flatiron@0.4.3
122 silly idealTree │ └── optimist@0.6.0
122 silly idealTree ├── for-in@1.0.2
122 silly idealTree ├── for-own@0.1.5
122 silly idealTree ├─┬ forever-monitor@1.7.1
122 silly idealTree │ └── utile@0.2.1
122 silly idealTree ├── forever@1.0.0
122 silly idealTree ├── forwarded@0.1.2
122 silly idealTree ├── fragment-cache@0.2.1
122 silly idealTree ├── fresh@0.5.2
122 silly idealTree ├── fs.realpath@1.0.0
122 silly idealTree ├── function-bind@1.1.1
122 silly idealTree ├── get-value@2.0.6
122 silly idealTree ├── glob-base@0.3.0
122 silly idealTree ├── glob-parent@2.0.0
122 silly idealTree ├── glob@5.0.15
122 silly idealTree ├── graceful-fs@3.0.12
122 silly idealTree ├── handlebars@3.0.7
122 silly idealTree ├─┬ has-value@1.0.0
122 silly idealTree │ └── isobject@3.0.1
122 silly idealTree ├─┬ has-values@1.0.0
122 silly idealTree │ ├─┬ is-number@3.0.0
122 silly idealTree │ │ └── kind-of@3.2.2
122 silly idealTree │ └── kind-of@4.0.0
122 silly idealTree ├── has@1.0.3
122 silly idealTree ├── http-errors@1.7.2
122 silly idealTree ├── i@0.3.6
122 silly idealTree ├── iconv-lite@0.4.24
122 silly idealTree ├── inflight@1.0.6
122 silly idealTree ├── inherits@2.0.3
122 silly idealTree ├── ini@1.3.5
122 silly idealTree ├── ipaddr.js@1.9.0
122 silly idealTree ├── is-accessor-descriptor@0.1.6
122 silly idealTree ├── is-arguments@1.0.4
122 silly idealTree ├── is-binary-path@1.0.1
122 silly idealTree ├── is-buffer@1.1.6
122 silly idealTree ├── is-data-descriptor@0.1.4
122 silly idealTree ├── is-date-object@1.0.1
122 silly idealTree ├─┬ is-descriptor@0.1.6
122 silly idealTree │ └── kind-of@5.1.0
122 silly idealTree ├── is-dotfile@1.0.3
122 silly idealTree ├── is-equal-shallow@0.1.3
122 silly idealTree ├── is-extendable@0.1.1
122 silly idealTree ├── is-extglob@1.0.0
122 silly idealTree ├── is-glob@2.0.1
122 silly idealTree ├── is-number@2.1.0
122 silly idealTree ├─┬ is-plain-object@2.0.4
122 silly idealTree │ └── isobject@3.0.1
122 silly idealTree ├── is-posix-bracket@0.1.1
122 silly idealTree ├── is-primitive@2.0.0
122 silly idealTree ├── is-regex@1.0.4
122 silly idealTree ├── is-windows@1.0.2
122 silly idealTree ├── isarray@1.0.0
122 silly idealTree ├── isobject@2.1.0
122 silly idealTree ├── isstream@0.1.2
122 silly idealTree ├── jsonify@0.0.0
122 silly idealTree ├── kind-of@3.2.2
122 silly idealTree ├── lazy-cache@1.0.4
122 silly idealTree ├── lazy@1.0.11
122 silly idealTree ├── longest@1.0.1
122 silly idealTree ├── map-cache@0.2.2
122 silly idealTree ├── map-visit@1.0.0
122 silly idealTree ├── math-random@1.0.4
122 silly idealTree ├── media-typer@0.3.0
122 silly idealTree ├── merge-descriptors@1.0.1
122 silly idealTree ├── methods@1.1.2
122 silly idealTree ├── micromatch@2.3.11
122 silly idealTree ├── mime-db@1.40.0
122 silly idealTree ├── mime-types@2.1.24
122 silly idealTree ├── mime@1.6.0
122 silly idealTree ├── minimatch@3.0.4
122 silly idealTree ├── minimist@0.0.10
122 silly idealTree ├─┬ mixin-deep@1.3.2
122 silly idealTree │ └── is-extendable@1.0.1
122 silly idealTree ├─┬ mkdirp@0.5.1
122 silly idealTree │ └── minimist@0.0.8
122 silly idealTree ├── ms@2.0.0
122 silly idealTree ├── mute-stream@0.0.8
122 silly idealTree ├── mysql@2.17.1
122 silly idealTree ├─┬ nanomatch@1.2.13
122 silly idealTree │ ├── arr-diff@4.0.0
122 silly idealTree │ ├── array-unique@0.3.2
122 silly idealTree │ └── kind-of@6.0.2
122 silly idealTree ├── natives@1.1.6
122 silly idealTree ├─┬ nconf@0.6.9
122 silly idealTree │ ├── async@0.2.9
122 silly idealTree │ └── optimist@0.6.0
122 silly idealTree ├── ncp@0.4.2
122 silly idealTree ├── negotiator@0.6.2
122 silly idealTree ├── node-bin-setup@1.0.6
122 silly idealTree ├── node@12.13.0
122 silly idealTree ├── normalize-path@2.1.1
122 silly idealTree ├── nssocket@0.5.3
122 silly idealTree ├── object-assign@3.0.0
122 silly idealTree ├─┬ object-copy@0.1.0
122 silly idealTree │ └── define-property@0.2.5
122 silly idealTree ├── object-is@1.0.1
122 silly idealTree ├── object-keys@1.0.12
122 silly idealTree ├─┬ object-visit@1.0.1
122 silly idealTree │ └── isobject@3.0.1
122 silly idealTree ├── object.assign@1.1.1
122 silly idealTree ├── object.omit@2.0.1
122 silly idealTree ├─┬ object.pick@1.3.0
122 silly idealTree │ └── isobject@3.0.1
122 silly idealTree ├── on-finished@2.3.0
122 silly idealTree ├── once@1.4.0
122 silly idealTree ├── optimist@0.6.1
122 silly idealTree ├── parse-glob@3.0.4
122 silly idealTree ├── parseurl@1.3.3
122 silly idealTree ├── pascalcase@0.1.1
122 silly idealTree ├── path-is-absolute@1.0.1
122 silly idealTree ├── path-to-regexp@0.1.7
122 silly idealTree ├── pkginfo@0.3.1
122 silly idealTree ├── posix-character-classes@0.1.1
122 silly idealTree ├── preserve@0.2.0
122 silly idealTree ├─┬ prettyjson@1.2.1
122 silly idealTree │ ├── colors@1.4.0
122 silly idealTree │ └── minimist@1.2.0
122 silly idealTree ├── process-nextick-args@2.0.1
122 silly idealTree ├── promise@6.1.0
122 silly idealTree ├─┬ prompt@0.2.14
122 silly idealTree │ └── utile@0.2.1
122 silly idealTree ├── proxy-addr@2.0.5
122 silly idealTree ├── ps-tree@0.0.3
122 silly idealTree ├── qs@6.7.0
122 silly idealTree ├─┬ randomatic@3.1.1
122 silly idealTree │ ├── is-number@4.0.0
122 silly idealTree │ └── kind-of@6.0.2
122 silly idealTree ├── range-parser@1.2.1
122 silly idealTree ├── raw-body@2.4.0
122 silly idealTree ├── read@1.0.7
122 silly idealTree ├── readable-stream@2.3.6
122 silly idealTree ├─┬ readdirp@2.2.1
122 silly idealTree │ ├── arr-diff@4.0.0
122 silly idealTree │ ├── array-unique@0.3.2
122 silly idealTree │ ├─┬ braces@2.3.2
122 silly idealTree │ │ └── extend-shallow@2.0.1
122 silly idealTree │ ├─┬ expand-brackets@2.1.4
122 silly idealTree │ │ ├── define-property@0.2.5
122 silly idealTree │ │ ├── extend-shallow@2.0.1
122 silly idealTree │ │ ├─┬ is-accessor-descriptor@0.1.6
122 silly idealTree │ │ │ └── kind-of@3.2.2
122 silly idealTree │ │ ├─┬ is-data-descriptor@0.1.4
122 silly idealTree │ │ │ └── kind-of@3.2.2
122 silly idealTree │ │ ├── is-descriptor@0.1.6
122 silly idealTree │ │ └── kind-of@5.1.0
122 silly idealTree │ ├─┬ extglob@2.0.4
122 silly idealTree │ │ ├── define-property@1.0.0
122 silly idealTree │ │ └── extend-shallow@2.0.1
122 silly idealTree │ ├─┬ fill-range@4.0.0
122 silly idealTree │ │ └── extend-shallow@2.0.1
122 silly idealTree │ ├── graceful-fs@4.2.3
122 silly idealTree │ ├── is-accessor-descriptor@1.0.0
122 silly idealTree │ ├── is-data-descriptor@1.0.0
122 silly idealTree │ ├── is-descriptor@1.0.2
122 silly idealTree │ ├─┬ is-number@3.0.0
122 silly idealTree │ │ └── kind-of@3.2.2
122 silly idealTree │ ├── isobject@3.0.1
122 silly idealTree │ ├── kind-of@6.0.2
122 silly idealTree │ └── micromatch@3.1.10
122 silly idealTree ├── regex-cache@0.4.4
122 silly idealTree ├── regex-not@1.0.2
122 silly idealTree ├── regexp.prototype.flags@1.2.0
122 silly idealTree ├── remove-trailing-separator@1.1.0
122 silly idealTree ├── repeat-element@1.1.3
122 silly idealTree ├── repeat-string@1.6.1
122 silly idealTree ├── resolve-url@0.2.1
122 silly idealTree ├── resumer@0.0.0
122 silly idealTree ├── ret@0.1.15
122 silly idealTree ├── revalidator@0.1.8
122 silly idealTree ├── right-align@0.1.3
122 silly idealTree ├─┬ rimraf@2.7.1
122 silly idealTree │ └── glob@7.1.5
122 silly idealTree ├── safe-buffer@5.1.2
122 silly idealTree ├── safe-regex@1.1.0
122 silly idealTree ├── safer-buffer@2.1.2
122 silly idealTree ├─┬ send@0.17.1
122 silly idealTree │ └── ms@2.1.1
122 silly idealTree ├── serve-static@1.14.1
122 silly idealTree ├─┬ set-value@2.0.1
122 silly idealTree │ └── extend-shallow@2.0.1
122 silly idealTree ├── setprototypeof@1.1.1
122 silly idealTree ├── shush@1.0.0
122 silly idealTree ├─┬ snapdragon-node@2.1.1
122 silly idealTree │ ├── define-property@1.0.0
122 silly idealTree │ ├── is-accessor-descriptor@1.0.0
122 silly idealTree │ ├── is-data-descriptor@1.0.0
122 silly idealTree │ ├── is-descriptor@1.0.2
122 silly idealTree │ ├── isobject@3.0.1
122 silly idealTree │ └── kind-of@6.0.2
122 silly idealTree ├── snapdragon-util@3.0.1
122 silly idealTree ├─┬ snapdragon@0.8.2
122 silly idealTree │ ├── define-property@0.2.5
122 silly idealTree │ ├── extend-shallow@2.0.1
122 silly idealTree │ └── source-map@0.5.7
122 silly idealTree ├── source-map-resolve@0.5.2
122 silly idealTree ├── source-map-url@0.4.0
122 silly idealTree ├── source-map@0.1.43
122 silly idealTree ├── split-string@3.1.0
122 silly idealTree ├── sqlstring@2.3.1
122 silly idealTree ├── stack-trace@0.0.10
122 silly idealTree ├─┬ static-extend@0.1.2
122 silly idealTree │ └── define-property@0.2.5
122 silly idealTree ├── statuses@1.5.0
122 silly idealTree ├── string_decoder@1.1.1
122 silly idealTree ├── strip-json-comments@0.1.3
122 silly idealTree ├─┬ tape@2.3.3
122 silly idealTree │ └── deep-equal@0.1.2
122 silly idealTree ├── through@2.3.8
122 silly idealTree ├── to-object-path@0.3.0
122 silly idealTree ├─┬ to-regex-range@2.1.1
122 silly idealTree │ └── is-number@3.0.0
122 silly idealTree ├── to-regex@3.0.2
122 silly idealTree ├── toidentifier@1.0.0
122 silly idealTree ├── type-is@1.6.18
122 silly idealTree ├─┬ uglify-js@2.8.29
122 silly idealTree │ └── source-map@0.5.7
122 silly idealTree ├── uglify-to-browserify@1.0.2
122 silly idealTree ├── union-value@1.0.1
122 silly idealTree ├── unpipe@1.0.0
122 silly idealTree ├─┬ unset-value@1.0.0
122 silly idealTree │ ├─┬ has-value@0.3.1
122 silly idealTree │ │ └── isobject@2.1.0
122 silly idealTree │ ├── has-values@0.1.4
122 silly idealTree │ └── isobject@3.0.1
122 silly idealTree ├── urix@0.1.0
122 silly idealTree ├── use@3.1.1
122 silly idealTree ├── util-deprecate@1.0.2
122 silly idealTree ├─┬ utile@0.3.0
122 silly idealTree │ ├── async@0.9.2
122 silly idealTree │ ├── deep-equal@0.2.2
122 silly idealTree │ └── ncp@1.0.1
122 silly idealTree ├── utils-merge@1.0.1
122 silly idealTree ├── vary@1.1.2
122 silly idealTree ├── window-size@0.1.0
122 silly idealTree ├── winston@0.8.3
122 silly idealTree ├── wordwrap@0.0.3
122 silly idealTree ├── wrappy@1.0.2
122 silly idealTree └── yargs@3.10.0
123 silly generateActionsToTake Starting
124 silly install generateActionsToTake
125 silly generateActionsToTake Finishing
126 silly diffTrees action count 2
127 silly diffTrees add node-bin-setup@1.0.6
128 silly diffTrees add node@12.13.0
129 silly decomposeActions action count 16
130 silly decomposeActions fetch node-bin-setup@1.0.6
131 silly decomposeActions extract node-bin-setup@1.0.6
132 silly decomposeActions test node-bin-setup@1.0.6
133 silly decomposeActions preinstall node-bin-setup@1.0.6
134 silly decomposeActions build node-bin-setup@1.0.6
135 silly decomposeActions install node-bin-setup@1.0.6
136 silly decomposeActions postinstall node-bin-setup@1.0.6
137 silly decomposeActions finalize node-bin-setup@1.0.6
138 silly decomposeActions fetch node@12.13.0
139 silly decomposeActions extract node@12.13.0
140 silly decomposeActions test node@12.13.0
141 silly decomposeActions preinstall node@12.13.0
142 silly decomposeActions build node@12.13.0
143 silly decomposeActions install node@12.13.0
144 silly decomposeActions postinstall node@12.13.0
145 silly decomposeActions finalize node@12.13.0
146 silly runTopLevelLifecycles Starting
147 silly executeActions Starting
148 silly install executeActions
149 silly doSerial global-install 0
150 silly doParallel fetch 2
151 verbose correctMkdir /nfs/stak/users/forests/.npm/_locks correctMkdir not in flight; initializing
152 verbose lock using /nfs/stak/users/forests/.npm/_locks/staging-f8a6dd3e76c0bf5f.lock for /nfs/stak/users/forests/cs340/final/node_modules/.staging
153 silly doParallel extract 2
154 silly extract node-bin-setup@1.0.6
155 silly extract node@12.13.0
156 verbose unbuild node_modules/.staging/node-bin-setup-79f093d9
157 verbose unbuild node_modules/.staging/node-0d37cb9b
158 silly gentlyRm /nfs/stak/users/forests/cs340/final/node_modules/.staging/node-bin-setup-79f093d9 is being purged from base /nfs/stak/users/forests/cs340/final
159 verbose gentlyRm don't care about contents; nuking /nfs/stak/users/forests/cs340/final/node_modules/.staging/node-bin-setup-79f093d9
160 verbose tar unpack /nfs/stak/users/forests/.npm/node-bin-setup/1.0.6/package.tgz
161 verbose tar unpacking to /nfs/stak/users/forests/cs340/final/node_modules/.staging/node-bin-setup-79f093d9
162 silly gentlyRm /nfs/stak/users/forests/cs340/final/node_modules/.staging/node-bin-setup-79f093d9 is being purged
163 verbose gentlyRm don't care about contents; nuking /nfs/stak/users/forests/cs340/final/node_modules/.staging/node-bin-setup-79f093d9
164 silly gentlyRm /nfs/stak/users/forests/cs340/final/node_modules/.staging/node-0d37cb9b is being purged from base /nfs/stak/users/forests/cs340/final
165 verbose gentlyRm don't care about contents; nuking /nfs/stak/users/forests/cs340/final/node_modules/.staging/node-0d37cb9b
166 silly gunzTarPerm modes [ '770', '660' ]
167 verbose tar unpack /nfs/stak/users/forests/.npm/node/12.13.0/package.tgz
168 verbose tar unpacking to /nfs/stak/users/forests/cs340/final/node_modules/.staging/node-0d37cb9b
169 silly gentlyRm /nfs/stak/users/forests/cs340/final/node_modules/.staging/node-0d37cb9b is being purged
170 verbose gentlyRm don't care about contents; nuking /nfs/stak/users/forests/cs340/final/node_modules/.staging/node-0d37cb9b
171 silly gunzTarPerm modes [ '770', '660' ]
172 silly gunzTarPerm extractEntry package.json
173 silly gunzTarPerm modified mode [ 'package.json', 420, 432 ]
174 silly gunzTarPerm extractEntry installArchSpecificPackage.js
175 silly gunzTarPerm modified mode [ 'installArchSpecificPackage.js', 420, 432 ]
176 silly gunzTarPerm extractEntry index.js
177 silly gunzTarPerm modified mode [ 'index.js', 420, 432 ]
178 silly gunzTarPerm extractEntry package.json
179 silly gunzTarPerm modified mode [ 'package.json', 420, 432 ]
180 silly gunzTarPerm extractEntry README.md
181 silly gunzTarPerm modified mode [ 'README.md', 420, 432 ]
182 silly gentlyRm /nfs/stak/users/forests/cs340/final/node_modules/.staging/node-bin-setup-79f093d9/node_modules is being purged
183 verbose gentlyRm don't care about contents; nuking /nfs/stak/users/forests/cs340/final/node_modules/.staging/node-bin-setup-79f093d9/node_modules
184 silly gentlyRm /nfs/stak/users/forests/cs340/final/node_modules/.staging/node-0d37cb9b/node_modules is being purged
185 verbose gentlyRm don't care about contents; nuking /nfs/stak/users/forests/cs340/final/node_modules/.staging/node-0d37cb9b/node_modules
186 silly doParallel preinstall 2
187 silly preinstall node-bin-setup@1.0.6 /nfs/stak/users/forests/cs340/final/node_modules/.staging/node-bin-setup-79f093d9
188 info lifecycle node-bin-setup@1.0.6~preinstall: node-bin-setup@1.0.6
189 silly preinstall node@12.13.0 /nfs/stak/users/forests/cs340/final/node_modules/.staging/node-0d37cb9b
190 info lifecycle node@12.13.0~preinstall: node@12.13.0
191 silly lifecycle node-bin-setup@1.0.6~preinstall: no script for preinstall, continuing
192 verbose lifecycle node@12.13.0~preinstall: unsafe-perm in lifecycle true
193 verbose lifecycle node@12.13.0~preinstall: PATH: /usr/lib/node_modules/npm/bin/node-gyp-bin:/nfs/stak/users/forests/cs340/final/node_modules/.staging/node-0d37cb9b/node_modules/.bin:/nfs/stak/users/forests/cs340/final/node_modules/.bin:/usr/bin:/bin:/sbin:/usr/local/bin:/usr/bin:/usr/local/apps/bin:/nfs/stak/users/forests/bin:.
194 verbose lifecycle node@12.13.0~preinstall: CWD: /nfs/stak/users/forests/cs340/final/node_modules/.staging/node-0d37cb9b
195 silly lifecycle node@12.13.0~preinstall: Args: [ '-c', 'node installArchSpecificPackage' ]
196 info lifecycle node@12.13.0~preinstall: Failed to exec preinstall script
197 silly lifecycle node@12.13.0~preinstall: Returned: code: -11  signal: null
198 info lifecycle node@12.13.0~preinstall: Failed to exec preinstall script
199 verbose unlock done using /nfs/stak/users/forests/.npm/_locks/staging-f8a6dd3e76c0bf5f.lock for /nfs/stak/users/forests/cs340/final/node_modules/.staging
200 silly rollbackFailedOptional Starting
201 silly rollbackFailedOptional Finishing
202 silly runTopLevelLifecycles Finishing
203 silly install printInstalled
204 warn optional SKIPPING OPTIONAL DEPENDENCY: fsevents@^1.0.0 (node_modules/chokidar/node_modules/fsevents):
205 warn notsup SKIPPING OPTIONAL DEPENDENCY: Unsupported platform for fsevents@1.2.9: wanted {"os":"darwin","arch":"any"} (current: {"os":"linux","arch":"x64"})
206 verbose notsup SKIPPING OPTIONAL DEPENDENCY: Valid OS:    darwin
206 verbose notsup SKIPPING OPTIONAL DEPENDENCY: Valid Arch:  any
206 verbose notsup SKIPPING OPTIONAL DEPENDENCY: Actual OS:   linux
206 verbose notsup SKIPPING OPTIONAL DEPENDENCY: Actual Arch: x64
207 warn hello-world@1.0.0 No repository field.
208 verbose If you need help, you may report this error at:
208 verbose     <https://github.com/npm/npm/issues>
209 verbose stack Error: node@12.13.0 preinstall: `node installArchSpecificPackage`
209 verbose stack spawn sh EAGAIN
209 verbose stack     at exports._errnoException (util.js:1018:11)
209 verbose stack     at Process.ChildProcess._handle.onexit (internal/child_process.js:193:32)
209 verbose stack     at onErrorNT (internal/child_process.js:367:16)
209 verbose stack     at _combinedTickCallback (internal/process/next_tick.js:80:11)
209 verbose stack     at process._tickCallback (internal/process/next_tick.js:104:9)
210 verbose pkgid node@12.13.0
211 verbose cwd /nfs/stak/users/forests/cs340/final
212 error Linux 3.10.0-862.14.4.el7.x86_64
213 error argv "/usr/bin/node" "/bin/npm" "install" "node"
214 error node v6.10.2
215 error npm  v3.10.10
216 error file sh
217 error path sh
218 error code ELIFECYCLE
219 error errno EAGAIN
220 error syscall spawn sh
221 error node@12.13.0 preinstall: `node installArchSpecificPackage`
221 error spawn sh EAGAIN
222 error Failed at the node@12.13.0 preinstall script 'node installArchSpecificPackage'.
222 error Make sure you have the latest version of node.js and npm installed.
222 error If you do, this is most likely a problem with the node package,
222 error not with npm itself.
222 error Tell the author that this fails on your system:
222 error     node installArchSpecificPackage
222 error You can get information on how to open an issue for this project with:
222 error     npm bugs node
222 error Or if that isn't available, you can get their info via:
222 error     npm owner ls node
222 error There is likely additional logging output above.
223 verbose exit [ 1, true ]
